fatal: Cannot use the 'secretservice' credential backing store without a graphical interface present.
See https://aka.ms/gcm/credstores for more information.
fatal: could not read Username for 'https://github.com': No such device or address
[main 56b7719] Auto-sync from dhanush-82b5 - Tuesday 25 March 2025 11:24:03 PM IST
 1 file changed, 14 insertions(+)
fatal: Cannot use the 'secretservice' credential backing store without a graphical interface present.
See https://aka.ms/gcm/credstores for more information.
fatal: could not read Username for 'https://github.com': No such device or address
fatal: could not read Username for 'https://github.com': No such device or address
From https://github.com/Dhanush-777x/Notes-vault
 * branch            main       -> FETCH_HEAD
Already up to date.
[main 372fd98] Auto-sync from dhanush-82b5 - Tuesday 25 March 2025 11:28:03 PM IST
 1 file changed, 2 insertions(+)
To https://github.com/Dhanush-777x/Notes-vault.git
   56b7719..372fd98  main -> main
From https://github.com/Dhanush-777x/Notes-vault
 * branch            main       -> FETCH_HEAD
Already up to date.
From https://github.com/Dhanush-777x/Notes-vault
 * branch            main       -> FETCH_HEAD
Already up to date.
From https://github.com/Dhanush-777x/Notes-vault
 * branch            main       -> FETCH_HEAD
Already up to date.
From https://github.com/Dhanush-777x/Notes-vault
 * branch            main       -> FETCH_HEAD
Already up to date.
From https://github.com/Dhanush-777x/Notes-vault
 * branch            main       -> FETCH_HEAD
Already up to date.
From https://github.com/Dhanush-777x/Notes-vault
 * branch            main       -> FETCH_HEAD
Already up to date.
From https://github.com/Dhanush-777x/Notes-vault
 * branch            main       -> FETCH_HEAD
Already up to date.
From https://github.com/Dhanush-777x/Notes-vault
 * branch            main       -> FETCH_HEAD
Already up to date.
From https://github.com/Dhanush-777x/Notes-vault
 * branch            main       -> FETCH_HEAD
Already up to date.
From https://github.com/Dhanush-777x/Notes-vault
 * branch            main       -> FETCH_HEAD
Already up to date.
From https://github.com/Dhanush-777x/Notes-vault
 * branch            main       -> FETCH_HEAD
Already up to date.
From https://github.com/Dhanush-777x/Notes-vault
 * branch            main       -> FETCH_HEAD
Already up to date.
From https://github.com/Dhanush-777x/Notes-vault
 * branch            main       -> FETCH_HEAD
Already up to date.
From https://github.com/Dhanush-777x/Notes-vault
 * branch            main       -> FETCH_HEAD
Already up to date.
From https://github.com/Dhanush-777x/Notes-vault
 * branch            main       -> FETCH_HEAD
Already up to date.
fatal: unable to access 'https://github.com/Dhanush-777x/Notes-vault.git/': Failed to connect to github.com port 443 after 134381 ms: Could not connect to server
fatal: unable to access 'https://github.com/Dhanush-777x/Notes-vault.git/': Failed to connect to github.com port 443 after 133814 ms: Could not connect to server
fatal: unable to access 'https://github.com/Dhanush-777x/Notes-vault.git/': Failed to connect to github.com port 443 after 133796 ms: Could not connect to server
fatal: unable to access 'https://github.com/Dhanush-777x/Notes-vault.git/': Failed to connect to github.com port 443 after 134489 ms: Could not connect to server
fatal: unable to access 'https://github.com/Dhanush-777x/Notes-vault.git/': Failed to connect to github.com port 443 after 134498 ms: Could not connect to server
fatal: unable to access 'https://github.com/Dhanush-777x/Notes-vault.git/': Failed to connect to github.com port 443 after 133816 ms: Could not connect to server
fatal: unable to access 'https://github.com/Dhanush-777x/Notes-vault.git/': Failed to connect to github.com port 443 after 132814 ms: Could not connect to server
fatal: unable to access 'https://github.com/Dhanush-777x/Notes-vault.git/': Could not resolve host: github.com
fatal: unable to access 'https://github.com/Dhanush-777x/Notes-vault.git/': Failed to connect to github.com port 443 after 132809 ms: Could not connect to server
fatal: unable to access 'https://github.com/Dhanush-777x/Notes-vault.git/': Could not resolve host: github.com
fatal: unable to access 'https://github.com/Dhanush-777x/Notes-vault.git/': Could not resolve host: github.com
fatal: unable to access 'https://github.com/Dhanush-777x/Notes-vault.git/': Could not resolve host: github.com
fatal: unable to access 'https://github.com/Dhanush-777x/Notes-vault.git/': Could not resolve host: github.com
fatal: unable to access 'https://github.com/Dhanush-777x/Notes-vault.git/': Could not resolve host: github.com
fatal: unable to access 'https://github.com/Dhanush-777x/Notes-vault.git/': Could not resolve host: github.com
fatal: unable to access 'https://github.com/Dhanush-777x/Notes-vault.git/': Could not resolve host: github.com
fatal: unable to access 'https://github.com/Dhanush-777x/Notes-vault.git/': Could not resolve host: github.com
fatal: unable to access 'https://github.com/Dhanush-777x/Notes-vault.git/': Could not resolve host: github.com
fatal: unable to access 'https://github.com/Dhanush-777x/Notes-vault.git/': Could not resolve host: github.com
fatal: unable to access 'https://github.com/Dhanush-777x/Notes-vault.git/': Could not resolve host: github.com
fatal: unable to access 'https://github.com/Dhanush-777x/Notes-vault.git/': Could not resolve host: github.com
fatal: unable to access 'https://github.com/Dhanush-777x/Notes-vault.git/': Could not resolve host: github.com
fatal: unable to access 'https://github.com/Dhanush-777x/Notes-vault.git/': Could not resolve host: github.com
fatal: unable to access 'https://github.com/Dhanush-777x/Notes-vault.git/': Could not resolve host: github.com
fatal: unable to access 'https://github.com/Dhanush-777x/Notes-vault.git/': Could not resolve host: github.com
fatal: unable to access 'https://github.com/Dhanush-777x/Notes-vault.git/': Could not resolve host: github.com
fatal: unable to access 'https://github.com/Dhanush-777x/Notes-vault.git/': Could not resolve host: github.com
fatal: unable to access 'https://github.com/Dhanush-777x/Notes-vault.git/': Could not resolve host: github.com
fatal: unable to access 'https://github.com/Dhanush-777x/Notes-vault.git/': Could not resolve host: github.com
fatal: unable to access 'https://github.com/Dhanush-777x/Notes-vault.git/': Could not resolve host: github.com
fatal: unable to access 'https://github.com/Dhanush-777x/Notes-vault.git/': Could not resolve host: github.com
fatal: unable to access 'https://github.com/Dhanush-777x/Notes-vault.git/': Could not resolve host: github.com
fatal: unable to access 'https://github.com/Dhanush-777x/Notes-vault.git/': Could not resolve host: github.com
fatal: unable to access 'https://github.com/Dhanush-777x/Notes-vault.git/': Could not resolve host: github.com
fatal: unable to access 'https://github.com/Dhanush-777x/Notes-vault.git/': Could not resolve host: github.com
fatal: unable to access 'https://github.com/Dhanush-777x/Notes-vault.git/': Could not resolve host: github.com
fatal: unable to access 'https://github.com/Dhanush-777x/Notes-vault.git/': Could not resolve host: github.com
fatal: unable to access 'https://github.com/Dhanush-777x/Notes-vault.git/': Could not resolve host: github.com
fatal: unable to access 'https://github.com/Dhanush-777x/Notes-vault.git/': Could not resolve host: github.com
fatal: unable to access 'https://github.com/Dhanush-777x/Notes-vault.git/': Could not resolve host: github.com
fatal: unable to access 'https://github.com/Dhanush-777x/Notes-vault.git/': Could not resolve host: github.com
fatal: unable to access 'https://github.com/Dhanush-777x/Notes-vault.git/': Could not resolve host: github.com
fatal: unable to access 'https://github.com/Dhanush-777x/Notes-vault.git/': Could not resolve host: github.com
fatal: unable to access 'https://github.com/Dhanush-777x/Notes-vault.git/': Could not resolve host: github.com
fatal: unable to access 'https://github.com/Dhanush-777x/Notes-vault.git/': Could not resolve host: github.com
fatal: unable to access 'https://github.com/Dhanush-777x/Notes-vault.git/': Could not resolve host: github.com
fatal: unable to access 'https://github.com/Dhanush-777x/Notes-vault.git/': Could not resolve host: github.com
fatal: unable to access 'https://github.com/Dhanush-777x/Notes-vault.git/': Could not resolve host: github.com
fatal: unable to access 'https://github.com/Dhanush-777x/Notes-vault.git/': Could not resolve host: github.com
fatal: unable to access 'https://github.com/Dhanush-777x/Notes-vault.git/': Could not resolve host: github.com
fatal: unable to access 'https://github.com/Dhanush-777x/Notes-vault.git/': Could not resolve host: github.com
From https://github.com/Dhanush-777x/Notes-vault
 * branch            main       -> FETCH_HEAD
Already up to date.
From https://github.com/Dhanush-777x/Notes-vault
 * branch            main       -> FETCH_HEAD
Already up to date.
From https://github.com/Dhanush-777x/Notes-vault
 * branch            main       -> FETCH_HEAD
Already up to date.
From https://github.com/Dhanush-777x/Notes-vault
 * branch            main       -> FETCH_HEAD
Already up to date.
From https://github.com/Dhanush-777x/Notes-vault
 * branch            main       -> FETCH_HEAD
Already up to date.
From https://github.com/Dhanush-777x/Notes-vault
 * branch            main       -> FETCH_HEAD
Already up to date.
From https://github.com/Dhanush-777x/Notes-vault
 * branch            main       -> FETCH_HEAD
Already up to date.
